Classic Timing Analyzer report for lab_2_Smirnov
Mon Dec 04 13:55:28 2023
Quartus II Version 9.1 Build 350 03/24/2010 Service Pack 2 SJ Web Edition


---------------------
; Table of Contents ;
---------------------
  1. Legal Notice
  2. Timing Analyzer Summary
  3. Timing Analyzer Settings
  4. Clock Settings Summary
  5. Parallel Compilation
  6. tsu
  7. tco
  8. tpd
  9. th
 10. Timing Analyzer Messages



----------------
; Legal Notice ;
----------------
Copyright (C) 1991-2010 Altera Corporation
Your use of Altera Corporation's design tools, logic functions 
and other software and tools, and its AMPP partner logic 
functions, and any output files from any of the foregoing 
(including device programming or simulation files), and any 
associated documentation or information are expressly subject 
to the terms and conditions of the Altera Program License 
Subscription Agreement, Altera MegaCore Function License 
Agreement, or other applicable license agreement, including, 
without limitation, that your use is for the sole purpose of 
programming logic devices manufactured by Altera and sold by 
Altera or its authorized distributors.  Please refer to the 
applicable agreement for further details.



+--------------------------------------------------------------------------------------------------------------------------------------------------+
; Timing Analyzer Summary                                                                                                                          ;
+------------------------------+-------+---------------+-------------+------------------+-------------------+------------+----------+--------------+
; Type                         ; Slack ; Required Time ; Actual Time ; From             ; To                ; From Clock ; To Clock ; Failed Paths ;
+------------------------------+-------+---------------+-------------+------------------+-------------------+------------+----------+--------------+
; Worst-case tsu               ; N/A   ; None          ; 4.746 ns    ; A                ; RAM1x1:inst|inst  ; --         ; C        ; 0            ;
; Worst-case tco               ; N/A   ; None          ; 5.300 ns    ; RAM1x1:inst|inst ; Do[0]             ; C          ; --       ; 0            ;
; Worst-case tpd               ; N/A   ; None          ; 8.820 ns    ; A                ; Do[0]             ; --         ; --       ; 0            ;
; Worst-case th                ; N/A   ; None          ; -2.544 ns   ; D[1]             ; RAM1x1:inst1|inst ; --         ; C        ; 0            ;
; Total number of failed paths ;       ;               ;             ;                  ;                   ;            ;          ; 0            ;
+------------------------------+-------+---------------+-------------+------------------+-------------------+------------+----------+--------------+


+-----------------------------------------------------------------------------------------------------------------------------------------------------+
; Timing Analyzer Settings                                                                                                                            ;
+------------------------------------------------------------------------------------------------------+--------------------+------+----+-------------+
; Option                                                                                               ; Setting            ; From ; To ; Entity Name ;
+------------------------------------------------------------------------------------------------------+--------------------+------+----+-------------+
; Device Name                                                                                          ; EP2S15F484C3       ;      ;    ;             ;
; Timing Models                                                                                        ; Final              ;      ;    ;             ;
; Default hold multicycle                                                                              ; Same as Multicycle ;      ;    ;             ;
; Cut paths between unrelated clock domains                                                            ; On                 ;      ;    ;             ;
; Cut off read during write signal paths                                                               ; On                 ;      ;    ;             ;
; Cut off feedback from I/O pins                                                                       ; On                 ;      ;    ;             ;
; Report Combined Fast/Slow Timing                                                                     ; Off                ;      ;    ;             ;
; Ignore Clock Settings                                                                                ; Off                ;      ;    ;             ;
; Analyze latches as synchronous elements                                                              ; On                 ;      ;    ;             ;
; Enable Recovery/Removal analysis                                                                     ; Off                ;      ;    ;             ;
; Enable Clock Latency                                                                                 ; Off                ;      ;    ;             ;
; Use TimeQuest Timing Analyzer                                                                        ; Off                ;      ;    ;             ;
; Number of source nodes to report per destination node                                                ; 10                 ;      ;    ;             ;
; Number of destination nodes to report                                                                ; 10                 ;      ;    ;             ;
; Number of paths to report                                                                            ; 200                ;      ;    ;             ;
; Report Minimum Timing Checks                                                                         ; Off                ;      ;    ;             ;
; Use Fast Timing Models                                                                               ; Off                ;      ;    ;             ;
; Report IO Paths Separately                                                                           ; Off                ;      ;    ;             ;
; Perform Multicorner Analysis                                                                         ; On                 ;      ;    ;             ;
; Reports the worst-case path for each clock domain and analysis                                       ; Off                ;      ;    ;             ;
; Reports worst-case timing paths for each clock domain and analysis                                   ; Off                ;      ;    ;             ;
; Specifies the maximum number of worst-case timing paths to report for each clock domain and analysis ; 100                ;      ;    ;             ;
; Removes common clock path pessimism (CCPP) during slack computation                                  ; Off                ;      ;    ;             ;
; Output I/O Timing Endpoint                                                                           ; Near End           ;      ;    ;             ;
+------------------------------------------------------------------------------------------------------+--------------------+------+----+-------------+


+------------------------------------------------------------------------------------------------------------------------------------------------------------------------------------+
; Clock Settings Summary                                                                                                                                                             ;
+-----------------+--------------------+----------+------------------+---------------+--------------+----------+-----------------------+---------------------+--------+--------------+
; Clock Node Name ; Clock Setting Name ; Type     ; Fmax Requirement ; Early Latency ; Late Latency ; Based on ; Multiply Base Fmax by ; Divide Base Fmax by ; Offset ; Phase offset ;
+-----------------+--------------------+----------+------------------+---------------+--------------+----------+-----------------------+---------------------+--------+--------------+
; C               ;                    ; User Pin ; None             ; 0.000 ns      ; 0.000 ns     ; --       ; N/A                   ; N/A                 ; N/A    ;              ;
+-----------------+--------------------+----------+------------------+---------------+--------------+----------+-----------------------+---------------------+--------+--------------+


Parallel compilation was disabled, but you have multiple processors available. Enable parallel compilation to reduce compilation time.
+-------------------------------------+
; Parallel Compilation                ;
+----------------------------+--------+
; Processors                 ; Number ;
+----------------------------+--------+
; Number detected on machine ; 12     ;
; Maximum allowed            ; 1      ;
+----------------------------+--------+


+-------------------------------------------------------------------------+
; tsu                                                                     ;
+-------+--------------+------------+------+-------------------+----------+
; Slack ; Required tsu ; Actual tsu ; From ; To                ; To Clock ;
+-------+--------------+------------+------+-------------------+----------+
; N/A   ; None         ; 4.746 ns   ; A    ; RAM1x1:inst1|inst ; C        ;
; N/A   ; None         ; 4.746 ns   ; A    ; RAM1x1:inst|inst  ; C        ;
; N/A   ; None         ; 3.809 ns   ; W    ; RAM1x1:inst1|inst ; C        ;
; N/A   ; None         ; 3.809 ns   ; W    ; RAM1x1:inst|inst  ; C        ;
; N/A   ; None         ; 3.047 ns   ; D[0] ; RAM1x1:inst|inst  ; C        ;
; N/A   ; None         ; 2.783 ns   ; D[1] ; RAM1x1:inst1|inst ; C        ;
+-------+--------------+------------+------+-------------------+----------+


+----------------------------------------------------------------------------+
; tco                                                                        ;
+-------+--------------+------------+-------------------+-------+------------+
; Slack ; Required tco ; Actual tco ; From              ; To    ; From Clock ;
+-------+--------------+------------+-------------------+-------+------------+
; N/A   ; None         ; 5.300 ns   ; RAM1x1:inst|inst  ; Do[0] ; C          ;
; N/A   ; None         ; 5.025 ns   ; RAM1x1:inst1|inst ; Do[1] ; C          ;
+-------+--------------+------------+-------------------+-------+------------+


+------------------------------------------------------------+
; tpd                                                        ;
+-------+-------------------+-----------------+------+-------+
; Slack ; Required P2P Time ; Actual P2P Time ; From ; To    ;
+-------+-------------------+-----------------+------+-------+
; N/A   ; None              ; 8.820 ns        ; A    ; Do[0] ;
; N/A   ; None              ; 8.518 ns        ; A    ; Do[1] ;
; N/A   ; None              ; 7.449 ns        ; R    ; Do[0] ;
; N/A   ; None              ; 7.147 ns        ; R    ; Do[1] ;
+-------+-------------------+-----------------+------+-------+


+-------------------------------------------------------------------------------+
; th                                                                            ;
+---------------+-------------+-----------+------+-------------------+----------+
; Minimum Slack ; Required th ; Actual th ; From ; To                ; To Clock ;
+---------------+-------------+-----------+------+-------------------+----------+
; N/A           ; None        ; -2.544 ns ; D[1] ; RAM1x1:inst1|inst ; C        ;
; N/A           ; None        ; -2.808 ns ; D[0] ; RAM1x1:inst|inst  ; C        ;
; N/A           ; None        ; -3.570 ns ; W    ; RAM1x1:inst1|inst ; C        ;
; N/A           ; None        ; -3.570 ns ; W    ; RAM1x1:inst|inst  ; C        ;
; N/A           ; None        ; -4.507 ns ; A    ; RAM1x1:inst1|inst ; C        ;
; N/A           ; None        ; -4.507 ns ; A    ; RAM1x1:inst|inst  ; C        ;
+---------------+-------------+-----------+------+-------------------+----------+


+--------------------------+
; Timing Analyzer Messages ;
+--------------------------+
Info: *******************************************************************
Info: Running Quartus II Classic Timing Analyzer
    Info: Version 9.1 Build 350 03/24/2010 Service Pack 2 SJ Web Edition
    Info: Processing started: Mon Dec 04 13:55:28 2023
Info: Command: quartus_tan --read_settings_files=off --write_settings_files=off lab_2_Smirnov -c lab_2_Smirnov --timing_analysis_only
Warning: Found pins functioning as undefined clocks and/or memory enables
    Info: Assuming node "C" is an undefined clock
Info: No valid register-to-register data paths exist for clock "C"
Info: tsu for register "RAM1x1:inst1|inst" (data pin = "A", clock pin = "C") is 4.746 ns
    Info: + Longest pin to register delay is 7.141 ns
        Info: 1: + IC(0.000 ns) + CELL(0.837 ns) = 0.837 ns; Loc. = PIN_C14; Fanout = 2; PIN Node = 'A'
        Info: 2: + IC(4.979 ns) + CELL(0.366 ns) = 6.182 ns; Loc. = LCCOMB_X39_Y19_N22; Fanout = 2; COMB Node = 'RAM1x1:inst1|inst~0'
        Info: 3: + IC(0.213 ns) + CELL(0.746 ns) = 7.141 ns; Loc. = LCFF_X39_Y19_N17; Fanout = 1; REG Node = 'RAM1x1:inst1|inst'
        Info: Total cell delay = 1.949 ns ( 27.29 % )
        Info: Total interconnect delay = 5.192 ns ( 72.71 % )
    Info: + Micro setup delay of destination is 0.090 ns
    Info: - Shortest clock path from clock "C" to destination register is 2.485 ns
        Info: 1: + IC(0.000 ns) + CELL(0.854 ns) = 0.854 ns; Loc. = PIN_N20; Fanout = 1; CLK Node = 'C'
        Info: 2: + IC(0.343 ns) + CELL(0.000 ns) = 1.197 ns; Loc. = CLKCTRL_G3; Fanout = 2; COMB Node = 'C~clkctrl'
        Info: 3: + IC(0.670 ns) + CELL(0.618 ns) = 2.485 ns; Loc. = LCFF_X39_Y19_N17; Fanout = 1; REG Node = 'RAM1x1:inst1|inst'
        Info: Total cell delay = 1.472 ns ( 59.24 % )
        Info: Total interconnect delay = 1.013 ns ( 40.76 % )
Info: tco from clock "C" to destination pin "Do[0]" through register "RAM1x1:inst|inst" is 5.300 ns
    Info: + Longest clock path from clock "C" to source register is 2.485 ns
        Info: 1: + IC(0.000 ns) + CELL(0.854 ns) = 0.854 ns; Loc. = PIN_N20; Fanout = 1; CLK Node = 'C'
        Info: 2: + IC(0.343 ns) + CELL(0.000 ns) = 1.197 ns; Loc. = CLKCTRL_G3; Fanout = 2; COMB Node = 'C~clkctrl'
        Info: 3: + IC(0.670 ns) + CELL(0.618 ns) = 2.485 ns; Loc. = LCFF_X39_Y19_N19; Fanout = 1; REG Node = 'RAM1x1:inst|inst'
        Info: Total cell delay = 1.472 ns ( 59.24 % )
        Info: Total interconnect delay = 1.013 ns ( 40.76 % )
    Info: + Micro clock to output delay of source is 0.094 ns
    Info: + Longest register to pin delay is 2.721 ns
        Info: 1: + IC(0.000 ns) + CELL(0.000 ns) = 0.000 ns; Loc. = LCFF_X39_Y19_N19; Fanout = 1; REG Node = 'RAM1x1:inst|inst'
        Info: 2: + IC(0.577 ns) + CELL(2.144 ns) = 2.721 ns; Loc. = PIN_H1; Fanout = 0; PIN Node = 'Do[0]'
        Info: Total cell delay = 2.144 ns ( 78.79 % )
        Info: Total interconnect delay = 0.577 ns ( 21.21 % )
Info: Longest tpd from source pin "A" to destination pin "Do[0]" is 8.820 ns
    Info: 1: + IC(0.000 ns) + CELL(0.837 ns) = 0.837 ns; Loc. = PIN_C14; Fanout = 2; PIN Node = 'A'
    Info: 2: + IC(4.979 ns) + CELL(0.366 ns) = 6.182 ns; Loc. = LCCOMB_X39_Y19_N20; Fanout = 2; COMB Node = 'RAM1x1:inst1|inst9'
    Info: 3: + IC(0.498 ns) + CELL(2.140 ns) = 8.820 ns; Loc. = PIN_H1; Fanout = 0; PIN Node = 'Do[0]'
    Info: Total cell delay = 3.343 ns ( 37.90 % )
    Info: Total interconnect delay = 5.477 ns ( 62.10 % )
Info: th for register "RAM1x1:inst1|inst" (data pin = "D[1]", clock pin = "C") is -2.544 ns
    Info: + Longest clock path from clock "C" to destination register is 2.485 ns
        Info: 1: + IC(0.000 ns) + CELL(0.854 ns) = 0.854 ns; Loc. = PIN_N20; Fanout = 1; CLK Node = 'C'
        Info: 2: + IC(0.343 ns) + CELL(0.000 ns) = 1.197 ns; Loc. = CLKCTRL_G3; Fanout = 2; COMB Node = 'C~clkctrl'
        Info: 3: + IC(0.670 ns) + CELL(0.618 ns) = 2.485 ns; Loc. = LCFF_X39_Y19_N17; Fanout = 1; REG Node = 'RAM1x1:inst1|inst'
        Info: Total cell delay = 1.472 ns ( 59.24 % )
        Info: Total interconnect delay = 1.013 ns ( 40.76 % )
    Info: + Micro hold delay of destination is 0.149 ns
    Info: - Shortest pin to register delay is 5.178 ns
        Info: 1: + IC(0.000 ns) + CELL(0.827 ns) = 0.827 ns; Loc. = PIN_E8; Fanout = 1; PIN Node = 'D[1]'
        Info: 2: + IC(4.143 ns) + CELL(0.053 ns) = 5.023 ns; Loc. = LCCOMB_X39_Y19_N16; Fanout = 1; COMB Node = 'RAM1x1:inst1|inst~feeder'
        Info: 3: + IC(0.000 ns) + CELL(0.155 ns) = 5.178 ns; Loc. = LCFF_X39_Y19_N17; Fanout = 1; REG Node = 'RAM1x1:inst1|inst'
        Info: Total cell delay = 1.035 ns ( 19.99 % )
        Info: Total interconnect delay = 4.143 ns ( 80.01 % )
Info: Quartus II Classic Timing Analyzer was successful. 0 errors, 1 warning
    Info: Peak virtual memory: 176 megabytes
    Info: Processing ended: Mon Dec 04 13:55:28 2023
    Info: Elapsed time: 00:00:00
    Info: Total CPU time (on all processors): 00:00:00


