Flow report for ALU
Sun Dec 24 21:22:08 2023
Quartus II Version 9.1 Build 350 03/24/2010 Service Pack 2 SJ Web Edition


---------------------
; Table of Contents ;
---------------------
  1. Legal Notice
  2. Flow Summary
  3. Flow Settings
  4. Flow Non-Default Global Settings
  5. Flow Elapsed Time
  6. Flow OS Summary
  7. Flow Log



----------------
; Legal Notice ;
----------------
Copyright (C) 1991-2010 Altera Corporation
Your use of Altera Corporation's design tools, logic functions 
and other software and tools, and its AMPP partner logic 
functions, and any output files from any of the foregoing 
(including device programming or simulation files), and any 
associated documentation or information are expressly subject 
to the terms and conditions of the Altera Program License 
Subscription Agreement, Altera MegaCore Function License 
Agreement, or other applicable license agreement, including, 
without limitation, that your use is for the sole purpose of 
programming logic devices manufactured by Altera and sold by 
Altera or its authorized distributors.  Please refer to the 
applicable agreement for further details.



+------------------------------------------------------------------------------+
; Flow Summary                                                                 ;
+-------------------------------+----------------------------------------------+
; Flow Status                   ; Successful - Sun Dec 24 21:22:08 2023        ;
; Quartus II Version            ; 9.1 Build 350 03/24/2010 SP 2 SJ Web Edition ;
; Revision Name                 ; ALU                                          ;
; Top-level Entity Name         ; rom                                          ;
; Family                        ; Stratix II                                   ;
; Met timing requirements       ; Yes                                          ;
; Logic utilization             ; 0 %                                          ;
;     Combinational ALUTs       ; 0 / 12,480 ( 0 % )                           ;
;     Dedicated logic registers ; 0 / 12,480 ( 0 % )                           ;
; Total registers               ; 0                                            ;
; Total pins                    ; 40 / 343 ( 12 % )                            ;
; Total virtual pins            ; 0                                            ;
; Total block memory bits       ; 2,048 / 419,328 ( < 1 % )                    ;
; DSP block 9-bit elements      ; 0 / 96 ( 0 % )                               ;
; Total PLLs                    ; 0 / 6 ( 0 % )                                ;
; Total DLLs                    ; 0 / 2 ( 0 % )                                ;
; Device                        ; EP2S15F484C3                                 ;
; Timing Models                 ; Final                                        ;
+-------------------------------+----------------------------------------------+


+-----------------------------------------+
; Flow Settings                           ;
+-------------------+---------------------+
; Option            ; Setting             ;
+-------------------+---------------------+
; Start date & time ; 12/24/2023 21:21:58 ;
; Main task         ; Compilation         ;
; Revision Name     ; ALU                 ;
+-------------------+---------------------+


+---------------------------------------------------------------------------------------------------------------------+
; Flow Non-Default Global Settings                                                                                    ;
+------------------------------------+---------------------------------+---------------+-------------+----------------+
; Assignment Name                    ; Value                           ; Default Value ; Entity Name ; Section Id     ;
+------------------------------------+---------------------------------+---------------+-------------+----------------+
; COMPILER_SIGNATURE_ID              ; 256165205947960.170344211821740 ; --            ; --          ; --             ;
; IP_TOOL_NAME                       ; LPM_MUX                         ; --            ; --          ; --             ;
; IP_TOOL_NAME                       ; LPM_CONSTANT                    ; --            ; --          ; --             ;
; IP_TOOL_NAME                       ; LPM_DECODE                      ; --            ; --          ; --             ;
; IP_TOOL_NAME                       ; LPM_MUX                         ; --            ; --          ; --             ;
; IP_TOOL_NAME                       ; LPM_FF                          ; --            ; --          ; --             ;
; IP_TOOL_NAME                       ; LPM_CONSTANT                    ; --            ; --          ; --             ;
; IP_TOOL_NAME                       ; LPM_MUX                         ; --            ; --          ; --             ;
; IP_TOOL_NAME                       ; LPM_FF                          ; --            ; --          ; --             ;
; IP_TOOL_NAME                       ; LPM_CONSTANT                    ; --            ; --          ; --             ;
; IP_TOOL_NAME                       ; LPM_MUX                         ; --            ; --          ; --             ;
; IP_TOOL_NAME                       ; LPM_ADD_SUB                     ; --            ; --          ; --             ;
; IP_TOOL_NAME                       ; LPM_ADD_SUB                     ; --            ; --          ; --             ;
; IP_TOOL_NAME                       ; LPM_ADD_SUB                     ; --            ; --          ; --             ;
; IP_TOOL_NAME                       ; LPM_MUX                         ; --            ; --          ; --             ;
; IP_TOOL_NAME                       ; LPM_MUX                         ; --            ; --          ; --             ;
; IP_TOOL_NAME                       ; LPM_FF                          ; --            ; --          ; --             ;
; IP_TOOL_NAME                       ; LPM_ADD_SUB                     ; --            ; --          ; --             ;
; IP_TOOL_NAME                       ; LPM_MUX                         ; --            ; --          ; --             ;
; IP_TOOL_NAME                       ; LPM_MUX                         ; --            ; --          ; --             ;
; IP_TOOL_NAME                       ; LPM_MUX                         ; --            ; --          ; --             ;
; IP_TOOL_NAME                       ; LPM_MUX                         ; --            ; --          ; --             ;
; IP_TOOL_NAME                       ; LPM_FF                          ; --            ; --          ; --             ;
; IP_TOOL_NAME                       ; LPM_MUX                         ; --            ; --          ; --             ;
; IP_TOOL_NAME                       ; LPM_ADD_SUB                     ; --            ; --          ; --             ;
; IP_TOOL_NAME                       ; LPM_MUX                         ; --            ; --          ; --             ;
; IP_TOOL_NAME                       ; LPM_MUX                         ; --            ; --          ; --             ;
; IP_TOOL_NAME                       ; LPM_ADD_SUB                     ; --            ; --          ; --             ;
; IP_TOOL_NAME                       ; LPM_MUX                         ; --            ; --          ; --             ;
; IP_TOOL_NAME                       ; LPM_FF                          ; --            ; --          ; --             ;
; IP_TOOL_NAME                       ; LPM_CONSTANT                    ; --            ; --          ; --             ;
; IP_TOOL_NAME                       ; LPM_CONSTANT                    ; --            ; --          ; --             ;
; IP_TOOL_NAME                       ; LPM_CONSTANT                    ; --            ; --          ; --             ;
; IP_TOOL_NAME                       ; LPM_CONSTANT                    ; --            ; --          ; --             ;
; IP_TOOL_NAME                       ; LPM_MUX                         ; --            ; --          ; --             ;
; IP_TOOL_NAME                       ; LPM_CONSTANT                    ; --            ; --          ; --             ;
; IP_TOOL_NAME                       ; LPM_CONSTANT                    ; --            ; --          ; --             ;
; IP_TOOL_NAME                       ; LPM_CONSTANT                    ; --            ; --          ; --             ;
; IP_TOOL_NAME                       ; LPM_MUX                         ; --            ; --          ; --             ;
; IP_TOOL_NAME                       ; LPM_MUX                         ; --            ; --          ; --             ;
; IP_TOOL_NAME                       ; LPM_MUX                         ; --            ; --          ; --             ;
; IP_TOOL_NAME                       ; LPM_MUX                         ; --            ; --          ; --             ;
; IP_TOOL_NAME                       ; LPM_MUX                         ; --            ; --          ; --             ;
; IP_TOOL_NAME                       ; LPM_MUX                         ; --            ; --          ; --             ;
; IP_TOOL_NAME                       ; LPM_ROM                         ; --            ; --          ; --             ;
; IP_TOOL_NAME                       ; LPM_ROM                         ; --            ; --          ; --             ;
; IP_TOOL_NAME                       ; LPM_ROM                         ; --            ; --          ; --             ;
; IP_TOOL_NAME                       ; LPM_CONSTANT                    ; --            ; --          ; --             ;
; IP_TOOL_NAME                       ; LPM_CONSTANT                    ; --            ; --          ; --             ;
; IP_TOOL_NAME                       ; LPM_CONSTANT                    ; --            ; --          ; --             ;
; IP_TOOL_NAME                       ; LPM_CONSTANT                    ; --            ; --          ; --             ;
; IP_TOOL_NAME                       ; LPM_CONSTANT                    ; --            ; --          ; --             ;
; IP_TOOL_NAME                       ; LPM_CONSTANT                    ; --            ; --          ; --             ;
; IP_TOOL_NAME                       ; LPM_CONSTANT                    ; --            ; --          ; --             ;
; IP_TOOL_NAME                       ; LPM_CONSTANT                    ; --            ; --          ; --             ;
; IP_TOOL_NAME                       ; LPM_CONSTANT                    ; --            ; --          ; --             ;
; IP_TOOL_NAME                       ; LPM_ROM                         ; --            ; --          ; --             ;
; IP_TOOL_NAME                       ; LPM_CONSTANT                    ; --            ; --          ; --             ;
; IP_TOOL_NAME                       ; LPM_CONSTANT                    ; --            ; --          ; --             ;
; IP_TOOL_NAME                       ; LPM_CONSTANT                    ; --            ; --          ; --             ;
; IP_TOOL_NAME                       ; LPM_CONSTANT                    ; --            ; --          ; --             ;
; IP_TOOL_NAME                       ; LPM_MUX                         ; --            ; --          ; --             ;
; IP_TOOL_NAME                       ; LPM_RAM_DQ                      ; --            ; --          ; --             ;
; IP_TOOL_VERSION                    ; 9.1                             ; --            ; --          ; --             ;
; IP_TOOL_VERSION                    ; 9.1                             ; --            ; --          ; --             ;
; IP_TOOL_VERSION                    ; 9.1                             ; --            ; --          ; --             ;
; IP_TOOL_VERSION                    ; 9.1                             ; --            ; --          ; --             ;
; IP_TOOL_VERSION                    ; 9.1                             ; --            ; --          ; --             ;
; IP_TOOL_VERSION                    ; 9.1                             ; --            ; --          ; --             ;
; IP_TOOL_VERSION                    ; 9.1                             ; --            ; --          ; --             ;
; IP_TOOL_VERSION                    ; 9.1                             ; --            ; --          ; --             ;
; IP_TOOL_VERSION                    ; 9.1                             ; --            ; --          ; --             ;
; IP_TOOL_VERSION                    ; 9.1                             ; --            ; --          ; --             ;
; IP_TOOL_VERSION                    ; 9.1                             ; --            ; --          ; --             ;
; IP_TOOL_VERSION                    ; 9.1                             ; --            ; --          ; --             ;
; IP_TOOL_VERSION                    ; 9.1                             ; --            ; --          ; --             ;
; IP_TOOL_VERSION                    ; 9.1                             ; --            ; --          ; --             ;
; IP_TOOL_VERSION                    ; 9.1                             ; --            ; --          ; --             ;
; IP_TOOL_VERSION                    ; 9.1                             ; --            ; --          ; --             ;
; IP_TOOL_VERSION                    ; 9.1                             ; --            ; --          ; --             ;
; IP_TOOL_VERSION                    ; 9.1                             ; --            ; --          ; --             ;
; IP_TOOL_VERSION                    ; 9.1                             ; --            ; --          ; --             ;
; IP_TOOL_VERSION                    ; 9.1                             ; --            ; --          ; --             ;
; IP_TOOL_VERSION                    ; 9.1                             ; --            ; --          ; --             ;
; IP_TOOL_VERSION                    ; 9.1                             ; --            ; --          ; --             ;
; IP_TOOL_VERSION                    ; 9.1                             ; --            ; --          ; --             ;
; IP_TOOL_VERSION                    ; 9.1                             ; --            ; --          ; --             ;
; IP_TOOL_VERSION                    ; 9.1                             ; --            ; --          ; --             ;
; IP_TOOL_VERSION                    ; 9.1                             ; --            ; --          ; --             ;
; IP_TOOL_VERSION                    ; 9.1                             ; --            ; --          ; --             ;
; IP_TOOL_VERSION                    ; 9.1                             ; --            ; --          ; --             ;
; IP_TOOL_VERSION                    ; 9.1                             ; --            ; --          ; --             ;
; IP_TOOL_VERSION                    ; 9.1                             ; --            ; --          ; --             ;
; IP_TOOL_VERSION                    ; 9.1                             ; --            ; --          ; --             ;
; IP_TOOL_VERSION                    ; 9.1                             ; --            ; --          ; --             ;
; IP_TOOL_VERSION                    ; 9.1                             ; --            ; --          ; --             ;
; IP_TOOL_VERSION                    ; 9.1                             ; --            ; --          ; --             ;
; IP_TOOL_VERSION                    ; 9.1                             ; --            ; --          ; --             ;
; IP_TOOL_VERSION                    ; 9.1                             ; --            ; --          ; --             ;
; IP_TOOL_VERSION                    ; 9.1                             ; --            ; --          ; --             ;
; IP_TOOL_VERSION                    ; 9.1                             ; --            ; --          ; --             ;
; IP_TOOL_VERSION                    ; 9.1                             ; --            ; --          ; --             ;
; IP_TOOL_VERSION                    ; 9.1                             ; --            ; --          ; --             ;
; IP_TOOL_VERSION                    ; 9.1                             ; --            ; --          ; --             ;
; IP_TOOL_VERSION                    ; 9.1                             ; --            ; --          ; --             ;
; IP_TOOL_VERSION                    ; 9.1                             ; --            ; --          ; --             ;
; IP_TOOL_VERSION                    ; 9.1                             ; --            ; --          ; --             ;
; IP_TOOL_VERSION                    ; 9.1                             ; --            ; --          ; --             ;
; IP_TOOL_VERSION                    ; 9.1                             ; --            ; --          ; --             ;
; IP_TOOL_VERSION                    ; 9.1                             ; --            ; --          ; --             ;
; IP_TOOL_VERSION                    ; 9.1                             ; --            ; --          ; --             ;
; IP_TOOL_VERSION                    ; 9.1                             ; --            ; --          ; --             ;
; IP_TOOL_VERSION                    ; 9.1                             ; --            ; --          ; --             ;
; IP_TOOL_VERSION                    ; 9.1                             ; --            ; --          ; --             ;
; IP_TOOL_VERSION                    ; 9.1                             ; --            ; --          ; --             ;
; IP_TOOL_VERSION                    ; 9.1                             ; --            ; --          ; --             ;
; IP_TOOL_VERSION                    ; 9.1                             ; --            ; --          ; --             ;
; IP_TOOL_VERSION                    ; 9.1                             ; --            ; --          ; --             ;
; IP_TOOL_VERSION                    ; 9.1                             ; --            ; --          ; --             ;
; IP_TOOL_VERSION                    ; 9.1                             ; --            ; --          ; --             ;
; IP_TOOL_VERSION                    ; 9.1                             ; --            ; --          ; --             ;
; IP_TOOL_VERSION                    ; 9.1                             ; --            ; --          ; --             ;
; IP_TOOL_VERSION                    ; 9.1                             ; --            ; --          ; --             ;
; IP_TOOL_VERSION                    ; 9.1                             ; --            ; --          ; --             ;
; IP_TOOL_VERSION                    ; 9.1                             ; --            ; --          ; --             ;
; MISC_FILE                          ; lpm_mux15.tdf                   ; --            ; --          ; --             ;
; MISC_FILE                          ; lpm_mux15.bsf                   ; --            ; --          ; --             ;
; MISC_FILE                          ; lpm_mux15.inc                   ; --            ; --          ; --             ;
; MISC_FILE                          ; lpm_constant2.tdf               ; --            ; --          ; --             ;
; MISC_FILE                          ; lpm_constant2.bsf               ; --            ; --          ; --             ;
; MISC_FILE                          ; lpm_constant2.inc               ; --            ; --          ; --             ;
; MISC_FILE                          ; lpm_decode2.tdf                 ; --            ; --          ; --             ;
; MISC_FILE                          ; lpm_decode2.bsf                 ; --            ; --          ; --             ;
; MISC_FILE                          ; lpm_decode2.inc                 ; --            ; --          ; --             ;
; MISC_FILE                          ; lpm_mux5.tdf                    ; --            ; --          ; --             ;
; MISC_FILE                          ; lpm_mux5.bsf                    ; --            ; --          ; --             ;
; MISC_FILE                          ; lpm_mux5.inc                    ; --            ; --          ; --             ;
; MISC_FILE                          ; lpm_dff0.tdf                    ; --            ; --          ; --             ;
; MISC_FILE                          ; lpm_dff0.bsf                    ; --            ; --          ; --             ;
; MISC_FILE                          ; lpm_dff0.inc                    ; --            ; --          ; --             ;
; MISC_FILE                          ; lpm_constant0.tdf               ; --            ; --          ; --             ;
; MISC_FILE                          ; lpm_constant0.bsf               ; --            ; --          ; --             ;
; MISC_FILE                          ; lpm_constant0.inc               ; --            ; --          ; --             ;
; MISC_FILE                          ; lpm_mux1.tdf                    ; --            ; --          ; --             ;
; MISC_FILE                          ; lpm_mux1.bsf                    ; --            ; --          ; --             ;
; MISC_FILE                          ; lpm_mux1.inc                    ; --            ; --          ; --             ;
; MISC_FILE                          ; lpm_dff1.tdf                    ; --            ; --          ; --             ;
; MISC_FILE                          ; lpm_dff1.bsf                    ; --            ; --          ; --             ;
; MISC_FILE                          ; lpm_dff1.inc                    ; --            ; --          ; --             ;
; MISC_FILE                          ; lpm_constant1.tdf               ; --            ; --          ; --             ;
; MISC_FILE                          ; lpm_constant1.bsf               ; --            ; --          ; --             ;
; MISC_FILE                          ; lpm_constant1.inc               ; --            ; --          ; --             ;
; MISC_FILE                          ; lpm_mux2.tdf                    ; --            ; --          ; --             ;
; MISC_FILE                          ; lpm_mux2.bsf                    ; --            ; --          ; --             ;
; MISC_FILE                          ; lpm_mux2.inc                    ; --            ; --          ; --             ;
; MISC_FILE                          ; lpm_add_sub2.tdf                ; --            ; --          ; --             ;
; MISC_FILE                          ; lpm_add_sub2.bsf                ; --            ; --          ; --             ;
; MISC_FILE                          ; lpm_add_sub2.inc                ; --            ; --          ; --             ;
; MISC_FILE                          ; lpm_add_sub3.tdf                ; --            ; --          ; --             ;
; MISC_FILE                          ; lpm_add_sub3.bsf                ; --            ; --          ; --             ;
; MISC_FILE                          ; lpm_add_sub3.inc                ; --            ; --          ; --             ;
; MISC_FILE                          ; lpm_add_sub1.tdf                ; --            ; --          ; --             ;
; MISC_FILE                          ; lpm_add_sub1.bsf                ; --            ; --          ; --             ;
; MISC_FILE                          ; lpm_add_sub1.inc                ; --            ; --          ; --             ;
; MISC_FILE                          ; lpm_mux3.tdf                    ; --            ; --          ; --             ;
; MISC_FILE                          ; lpm_mux3.bsf                    ; --            ; --          ; --             ;
; MISC_FILE                          ; lpm_mux3.inc                    ; --            ; --          ; --             ;
; MISC_FILE                          ; lpm_mux4.tdf                    ; --            ; --          ; --             ;
; MISC_FILE                          ; lpm_mux4.bsf                    ; --            ; --          ; --             ;
; MISC_FILE                          ; lpm_mux4.inc                    ; --            ; --          ; --             ;
; MISC_FILE                          ; lpm_dff2.tdf                    ; --            ; --          ; --             ;
; MISC_FILE                          ; lpm_dff2.bsf                    ; --            ; --          ; --             ;
; MISC_FILE                          ; lpm_dff2.inc                    ; --            ; --          ; --             ;
; MISC_FILE                          ; lpm_add_sub4.tdf                ; --            ; --          ; --             ;
; MISC_FILE                          ; lpm_add_sub4.bsf                ; --            ; --          ; --             ;
; MISC_FILE                          ; lpm_add_sub4.inc                ; --            ; --          ; --             ;
; MISC_FILE                          ; lpm_mux6.tdf                    ; --            ; --          ; --             ;
; MISC_FILE                          ; lpm_mux6.bsf                    ; --            ; --          ; --             ;
; MISC_FILE                          ; lpm_mux6.inc                    ; --            ; --          ; --             ;
; MISC_FILE                          ; lpm_mux7.tdf                    ; --            ; --          ; --             ;
; MISC_FILE                          ; lpm_mux7.bsf                    ; --            ; --          ; --             ;
; MISC_FILE                          ; lpm_mux7.inc                    ; --            ; --          ; --             ;
; MISC_FILE                          ; lpm_mux9.tdf                    ; --            ; --          ; --             ;
; MISC_FILE                          ; lpm_mux9.bsf                    ; --            ; --          ; --             ;
; MISC_FILE                          ; lpm_mux9.inc                    ; --            ; --          ; --             ;
; MISC_FILE                          ; lpm_mux10.tdf                   ; --            ; --          ; --             ;
; MISC_FILE                          ; lpm_mux10.bsf                   ; --            ; --          ; --             ;
; MISC_FILE                          ; lpm_mux10.inc                   ; --            ; --          ; --             ;
; MISC_FILE                          ; lpm_dff3.tdf                    ; --            ; --          ; --             ;
; MISC_FILE                          ; lpm_dff3.bsf                    ; --            ; --          ; --             ;
; MISC_FILE                          ; lpm_dff3.inc                    ; --            ; --          ; --             ;
; MISC_FILE                          ; lpm_mux11.tdf                   ; --            ; --          ; --             ;
; MISC_FILE                          ; lpm_mux11.bsf                   ; --            ; --          ; --             ;
; MISC_FILE                          ; lpm_mux11.inc                   ; --            ; --          ; --             ;
; MISC_FILE                          ; lpm_add_sub5.tdf                ; --            ; --          ; --             ;
; MISC_FILE                          ; lpm_add_sub5.bsf                ; --            ; --          ; --             ;
; MISC_FILE                          ; lpm_add_sub5.inc                ; --            ; --          ; --             ;
; MISC_FILE                          ; lpm_mux12.tdf                   ; --            ; --          ; --             ;
; MISC_FILE                          ; lpm_mux12.bsf                   ; --            ; --          ; --             ;
; MISC_FILE                          ; lpm_mux12.inc                   ; --            ; --          ; --             ;
; MISC_FILE                          ; lpm_mux13.tdf                   ; --            ; --          ; --             ;
; MISC_FILE                          ; lpm_mux13.bsf                   ; --            ; --          ; --             ;
; MISC_FILE                          ; lpm_mux13.inc                   ; --            ; --          ; --             ;
; MISC_FILE                          ; lpm_add_sub6.tdf                ; --            ; --          ; --             ;
; MISC_FILE                          ; lpm_add_sub6.bsf                ; --            ; --          ; --             ;
; MISC_FILE                          ; lpm_add_sub6.inc                ; --            ; --          ; --             ;
; MISC_FILE                          ; lpm_mux14.tdf                   ; --            ; --          ; --             ;
; MISC_FILE                          ; lpm_mux14.bsf                   ; --            ; --          ; --             ;
; MISC_FILE                          ; lpm_mux14.inc                   ; --            ; --          ; --             ;
; MISC_FILE                          ; lpm_dff4.tdf                    ; --            ; --          ; --             ;
; MISC_FILE                          ; lpm_dff4.bsf                    ; --            ; --          ; --             ;
; MISC_FILE                          ; lpm_dff4.inc                    ; --            ; --          ; --             ;
; MISC_FILE                          ; lpm_constant3.tdf               ; --            ; --          ; --             ;
; MISC_FILE                          ; lpm_constant3.bsf               ; --            ; --          ; --             ;
; MISC_FILE                          ; lpm_constant3.inc               ; --            ; --          ; --             ;
; MISC_FILE                          ; lpm_constant4.tdf               ; --            ; --          ; --             ;
; MISC_FILE                          ; lpm_constant4.bsf               ; --            ; --          ; --             ;
; MISC_FILE                          ; lpm_constant4.inc               ; --            ; --          ; --             ;
; MISC_FILE                          ; lpm_constant5.tdf               ; --            ; --          ; --             ;
; MISC_FILE                          ; lpm_constant5.bsf               ; --            ; --          ; --             ;
; MISC_FILE                          ; lpm_constant5.inc               ; --            ; --          ; --             ;
; MISC_FILE                          ; lpm_constant6.tdf               ; --            ; --          ; --             ;
; MISC_FILE                          ; lpm_constant6.bsf               ; --            ; --          ; --             ;
; MISC_FILE                          ; lpm_constant6.inc               ; --            ; --          ; --             ;
; MISC_FILE                          ; lpm_mux16.tdf                   ; --            ; --          ; --             ;
; MISC_FILE                          ; lpm_mux16.bsf                   ; --            ; --          ; --             ;
; MISC_FILE                          ; lpm_mux16.inc                   ; --            ; --          ; --             ;
; MISC_FILE                          ; lpm_constant7.tdf               ; --            ; --          ; --             ;
; MISC_FILE                          ; lpm_constant7.bsf               ; --            ; --          ; --             ;
; MISC_FILE                          ; lpm_constant7.inc               ; --            ; --          ; --             ;
; MISC_FILE                          ; lpm_constant8.tdf               ; --            ; --          ; --             ;
; MISC_FILE                          ; lpm_constant8.bsf               ; --            ; --          ; --             ;
; MISC_FILE                          ; lpm_constant8.inc               ; --            ; --          ; --             ;
; MISC_FILE                          ; lpm_constant9.tdf               ; --            ; --          ; --             ;
; MISC_FILE                          ; lpm_constant9.bsf               ; --            ; --          ; --             ;
; MISC_FILE                          ; lpm_constant9.inc               ; --            ; --          ; --             ;
; MISC_FILE                          ; lpm_mux17.tdf                   ; --            ; --          ; --             ;
; MISC_FILE                          ; lpm_mux17.bsf                   ; --            ; --          ; --             ;
; MISC_FILE                          ; lpm_mux17.inc                   ; --            ; --          ; --             ;
; MISC_FILE                          ; lpm_mux18.tdf                   ; --            ; --          ; --             ;
; MISC_FILE                          ; lpm_mux18.bsf                   ; --            ; --          ; --             ;
; MISC_FILE                          ; lpm_mux18.inc                   ; --            ; --          ; --             ;
; MISC_FILE                          ; lpm_mux19.tdf                   ; --            ; --          ; --             ;
; MISC_FILE                          ; lpm_mux19.bsf                   ; --            ; --          ; --             ;
; MISC_FILE                          ; lpm_mux19.inc                   ; --            ; --          ; --             ;
; MISC_FILE                          ; lpm_mux20.tdf                   ; --            ; --          ; --             ;
; MISC_FILE                          ; lpm_mux20.bsf                   ; --            ; --          ; --             ;
; MISC_FILE                          ; lpm_mux20.inc                   ; --            ; --          ; --             ;
; MISC_FILE                          ; lpm_mux21.tdf                   ; --            ; --          ; --             ;
; MISC_FILE                          ; lpm_mux21.bsf                   ; --            ; --          ; --             ;
; MISC_FILE                          ; lpm_mux21.inc                   ; --            ; --          ; --             ;
; MISC_FILE                          ; lpm_mux22.tdf                   ; --            ; --          ; --             ;
; MISC_FILE                          ; lpm_mux22.bsf                   ; --            ; --          ; --             ;
; MISC_FILE                          ; lpm_mux22.inc                   ; --            ; --          ; --             ;
; MISC_FILE                          ; lpm_rom0.tdf                    ; --            ; --          ; --             ;
; MISC_FILE                          ; lpm_rom0.bsf                    ; --            ; --          ; --             ;
; MISC_FILE                          ; lpm_rom0.inc                    ; --            ; --          ; --             ;
; MISC_FILE                          ; lpm_rom1.tdf                    ; --            ; --          ; --             ;
; MISC_FILE                          ; lpm_rom1.bsf                    ; --            ; --          ; --             ;
; MISC_FILE                          ; lpm_rom1.inc                    ; --            ; --          ; --             ;
; MISC_FILE                          ; lpm_rom2.tdf                    ; --            ; --          ; --             ;
; MISC_FILE                          ; lpm_rom2.bsf                    ; --            ; --          ; --             ;
; MISC_FILE                          ; lpm_rom2.inc                    ; --            ; --          ; --             ;
; MISC_FILE                          ; lpm_constant10.tdf              ; --            ; --          ; --             ;
; MISC_FILE                          ; lpm_constant10.bsf              ; --            ; --          ; --             ;
; MISC_FILE                          ; lpm_constant10.inc              ; --            ; --          ; --             ;
; MISC_FILE                          ; lpm_constant11.tdf              ; --            ; --          ; --             ;
; MISC_FILE                          ; lpm_constant11.bsf              ; --            ; --          ; --             ;
; MISC_FILE                          ; lpm_constant11.inc              ; --            ; --          ; --             ;
; MISC_FILE                          ; lpm_constant12.tdf              ; --            ; --          ; --             ;
; MISC_FILE                          ; lpm_constant12.bsf              ; --            ; --          ; --             ;
; MISC_FILE                          ; lpm_constant12.inc              ; --            ; --          ; --             ;
; MISC_FILE                          ; lpm_constant13.tdf              ; --            ; --          ; --             ;
; MISC_FILE                          ; lpm_constant13.bsf              ; --            ; --          ; --             ;
; MISC_FILE                          ; lpm_constant13.inc              ; --            ; --          ; --             ;
; MISC_FILE                          ; lpm_constant14.tdf              ; --            ; --          ; --             ;
; MISC_FILE                          ; lpm_constant14.bsf              ; --            ; --          ; --             ;
; MISC_FILE                          ; lpm_constant14.inc              ; --            ; --          ; --             ;
; MISC_FILE                          ; lpm_constant15.tdf              ; --            ; --          ; --             ;
; MISC_FILE                          ; lpm_constant15.bsf              ; --            ; --          ; --             ;
; MISC_FILE                          ; lpm_constant15.inc              ; --            ; --          ; --             ;
; MISC_FILE                          ; lpm_constant16.tdf              ; --            ; --          ; --             ;
; MISC_FILE                          ; lpm_constant16.bsf              ; --            ; --          ; --             ;
; MISC_FILE                          ; lpm_constant16.inc              ; --            ; --          ; --             ;
; MISC_FILE                          ; lpm_constant17.tdf              ; --            ; --          ; --             ;
; MISC_FILE                          ; lpm_constant17.bsf              ; --            ; --          ; --             ;
; MISC_FILE                          ; lpm_constant17.inc              ; --            ; --          ; --             ;
; MISC_FILE                          ; lpm_constant18.tdf              ; --            ; --          ; --             ;
; MISC_FILE                          ; lpm_constant18.bsf              ; --            ; --          ; --             ;
; MISC_FILE                          ; lpm_constant18.inc              ; --            ; --          ; --             ;
; MISC_FILE                          ; lpm_rom3.tdf                    ; --            ; --          ; --             ;
; MISC_FILE                          ; lpm_rom3.bsf                    ; --            ; --          ; --             ;
; MISC_FILE                          ; lpm_rom3.inc                    ; --            ; --          ; --             ;
; MISC_FILE                          ; lpm_constant19.tdf              ; --            ; --          ; --             ;
; MISC_FILE                          ; lpm_constant19.bsf              ; --            ; --          ; --             ;
; MISC_FILE                          ; lpm_constant19.inc              ; --            ; --          ; --             ;
; MISC_FILE                          ; lpm_constant20.tdf              ; --            ; --          ; --             ;
; MISC_FILE                          ; lpm_constant20.bsf              ; --            ; --          ; --             ;
; MISC_FILE                          ; lpm_constant20.inc              ; --            ; --          ; --             ;
; MISC_FILE                          ; lpm_constant21.tdf              ; --            ; --          ; --             ;
; MISC_FILE                          ; lpm_constant21.bsf              ; --            ; --          ; --             ;
; MISC_FILE                          ; lpm_constant21.inc              ; --            ; --          ; --             ;
; MISC_FILE                          ; lpm_constant22.tdf              ; --            ; --          ; --             ;
; MISC_FILE                          ; lpm_constant22.bsf              ; --            ; --          ; --             ;
; MISC_FILE                          ; lpm_constant22.inc              ; --            ; --          ; --             ;
; MISC_FILE                          ; lpm_mux23.tdf                   ; --            ; --          ; --             ;
; MISC_FILE                          ; lpm_mux23.bsf                   ; --            ; --          ; --             ;
; MISC_FILE                          ; lpm_mux23.inc                   ; --            ; --          ; --             ;
; MISC_FILE                          ; lpm_ram_dq0.tdf                 ; --            ; --          ; --             ;
; MISC_FILE                          ; lpm_ram_dq0.bsf                 ; --            ; --          ; --             ;
; MISC_FILE                          ; lpm_ram_dq0.inc                 ; --            ; --          ; --             ;
; PARTITION_COLOR                    ; 16764057                        ; --            ; rom         ; Top            ;
; PARTITION_NETLIST_TYPE             ; SOURCE                          ; --            ; rom         ; Top            ;
; TOP_LEVEL_ENTITY                   ; rom                             ; ALU           ; --          ; --             ;
; USE_GENERATED_PHYSICAL_CONSTRAINTS ; Off                             ; --            ; --          ; eda_blast_fpga ;
+------------------------------------+---------------------------------+---------------+-------------+----------------+


+-----------------------------------------------------------------------------------------------------------------------------+
; Flow Elapsed Time                                                                                                           ;
+-------------------------+--------------+-------------------------+---------------------+------------------------------------+
; Module Name             ; Elapsed Time ; Average Processors Used ; Peak Virtual Memory ; Total CPU Time (on all processors) ;
+-------------------------+--------------+-------------------------+---------------------+------------------------------------+
; Analysis & Synthesis    ; 00:00:01     ; 1.0                     ; 226 MB              ; 00:00:01                           ;
; Fitter                  ; 00:00:05     ; 1.0                     ; 266 MB              ; 00:00:02                           ;
; Assembler               ; 00:00:02     ; 1.0                     ; 233 MB              ; 00:00:01                           ;
; Classic Timing Analyzer ; 00:00:01     ; 1.0                     ; 163 MB              ; 00:00:00                           ;
; Total                   ; 00:00:09     ; --                      ; --                  ; 00:00:04                           ;
+-------------------------+--------------+-------------------------+---------------------+------------------------------------+


+------------------------------------------------------------------------------------------+
; Flow OS Summary                                                                          ;
+-------------------------+------------------+---------------+------------+----------------+
; Module Name             ; Machine Hostname ; OS Name       ; OS Version ; Processor type ;
+-------------------------+------------------+---------------+------------+----------------+
; Analysis & Synthesis    ; DESKTOP-O0BQ8ME  ; Windows Vista ; 6.2        ; x86_64         ;
; Fitter                  ; DESKTOP-O0BQ8ME  ; Windows Vista ; 6.2        ; x86_64         ;
; Assembler               ; DESKTOP-O0BQ8ME  ; Windows Vista ; 6.2        ; x86_64         ;
; Classic Timing Analyzer ; DESKTOP-O0BQ8ME  ; Windows Vista ; 6.2        ; x86_64         ;
+-------------------------+------------------+---------------+------------+----------------+


------------
; Flow Log ;
------------
quartus_map --read_settings_files=on --write_settings_files=off ALU -c ALU
quartus_fit --read_settings_files=off --write_settings_files=off ALU -c ALU
quartus_asm --read_settings_files=off --write_settings_files=off ALU -c ALU
quartus_tan --read_settings_files=off --write_settings_files=off ALU -c ALU --timing_analysis_only



