Flow report for CPU
Sat Jan 13 04:34:15 2024
Quartus II Version 9.1 Build 350 03/24/2010 Service Pack 2 SJ Web Edition


---------------------
; Table of Contents ;
---------------------
  1. Legal Notice
  2. Flow Summary
  3. Flow Settings
  4. Flow Non-Default Global Settings
  5. Flow Elapsed Time
  6. Flow OS Summary
  7. Flow Log



----------------
; Legal Notice ;
----------------
Copyright (C) 1991-2010 Altera Corporation
Your use of Altera Corporation's design tools, logic functions 
and other software and tools, and its AMPP partner logic 
functions, and any output files from any of the foregoing 
(including device programming or simulation files), and any 
associated documentation or information are expressly subject 
to the terms and conditions of the Altera Program License 
Subscription Agreement, Altera MegaCore Function License 
Agreement, or other applicable license agreement, including, 
without limitation, that your use is for the sole purpose of 
programming logic devices manufactured by Altera and sold by 
Altera or its authorized distributors.  Please refer to the 
applicable agreement for further details.



+------------------------------------------------------------------------------+
; Flow Summary                                                                 ;
+-------------------------------+----------------------------------------------+
; Flow Status                   ; Successful - Sat Jan 13 04:34:15 2024        ;
; Quartus II Version            ; 9.1 Build 350 03/24/2010 SP 2 SJ Web Edition ;
; Revision Name                 ; CPU                                          ;
; Top-level Entity Name         ; CPU                                          ;
; Family                        ; Stratix II                                   ;
; Met timing requirements       ; Yes                                          ;
; Logic utilization             ; 2 %                                          ;
;     Combinational ALUTs       ; 161 / 12,480 ( 1 % )                         ;
;     Dedicated logic registers ; 87 / 12,480 ( < 1 % )                        ;
; Total registers               ; 87                                           ;
; Total pins                    ; 106 / 343 ( 31 % )                           ;
; Total virtual pins            ; 0                                            ;
; Total block memory bits       ; 4,096 / 419,328 ( < 1 % )                    ;
; DSP block 9-bit elements      ; 0 / 96 ( 0 % )                               ;
; Total PLLs                    ; 0 / 6 ( 0 % )                                ;
; Total DLLs                    ; 0 / 2 ( 0 % )                                ;
; Device                        ; EP2S15F484C3                                 ;
; Timing Models                 ; Final                                        ;
+-------------------------------+----------------------------------------------+


+-----------------------------------------+
; Flow Settings                           ;
+-------------------+---------------------+
; Option            ; Setting             ;
+-------------------+---------------------+
; Start date & time ; 01/13/2024 04:34:06 ;
; Main task         ; Compilation         ;
; Revision Name     ; CPU                 ;
+-------------------+---------------------+


+---------------------------------------------------------------------------------------------------------------------+
; Flow Non-Default Global Settings                                                                                    ;
+------------------------------------+---------------------------------+---------------+-------------+----------------+
; Assignment Name                    ; Value                           ; Default Value ; Entity Name ; Section Id     ;
+------------------------------------+---------------------------------+---------------+-------------+----------------+
; COMPILER_SIGNATURE_ID              ; 162763478796160.170510964609352 ; --            ; --          ; --             ;
; IP_TOOL_NAME                       ; LPM_COUNTER                     ; --            ; --          ; --             ;
; IP_TOOL_NAME                       ; LPM_DECODE                      ; --            ; --          ; --             ;
; IP_TOOL_NAME                       ; LPM_RAM_DQ                      ; --            ; --          ; --             ;
; IP_TOOL_NAME                       ; LPM_ADD_SUB                     ; --            ; --          ; --             ;
; IP_TOOL_NAME                       ; LPM_MUX                         ; --            ; --          ; --             ;
; IP_TOOL_NAME                       ; PARALLEL_ADD                    ; --            ; --          ; --             ;
; IP_TOOL_NAME                       ; LPM_AND                         ; --            ; --          ; --             ;
; IP_TOOL_NAME                       ; LPM_INV                         ; --            ; --          ; --             ;
; IP_TOOL_NAME                       ; LPM_OR                          ; --            ; --          ; --             ;
; IP_TOOL_NAME                       ; LPM_INV                         ; --            ; --          ; --             ;
; IP_TOOL_NAME                       ; LPM_MUX                         ; --            ; --          ; --             ;
; IP_TOOL_NAME                       ; LPM_XOR                         ; --            ; --          ; --             ;
; IP_TOOL_NAME                       ; LPM_INV                         ; --            ; --          ; --             ;
; IP_TOOL_NAME                       ; LPM_COMPARE                     ; --            ; --          ; --             ;
; IP_TOOL_NAME                       ; LPM_DECODE                      ; --            ; --          ; --             ;
; IP_TOOL_NAME                       ; LPM_FF                          ; --            ; --          ; --             ;
; IP_TOOL_NAME                       ; LPM_FF                          ; --            ; --          ; --             ;
; IP_TOOL_NAME                       ; LPM_CONSTANT                    ; --            ; --          ; --             ;
; IP_TOOL_NAME                       ; LPM_CONSTANT                    ; --            ; --          ; --             ;
; IP_TOOL_NAME                       ; LPM_MUX                         ; --            ; --          ; --             ;
; IP_TOOL_NAME                       ; LPM_MUX                         ; --            ; --          ; --             ;
; IP_TOOL_NAME                       ; LPM_DECODE                      ; --            ; --          ; --             ;
; IP_TOOL_NAME                       ; LPM_ADD_SUB                     ; --            ; --          ; --             ;
; IP_TOOL_NAME                       ; LPM_MUX                         ; --            ; --          ; --             ;
; IP_TOOL_NAME                       ; LPM_MUX                         ; --            ; --          ; --             ;
; IP_TOOL_NAME                       ; LPM_MUX                         ; --            ; --          ; --             ;
; IP_TOOL_NAME                       ; LPM_FF                          ; --            ; --          ; --             ;
; IP_TOOL_NAME                       ; LPM_ADD_SUB                     ; --            ; --          ; --             ;
; IP_TOOL_NAME                       ; LPM_MUX                         ; --            ; --          ; --             ;
; IP_TOOL_NAME                       ; LPM_MUX                         ; --            ; --          ; --             ;
; IP_TOOL_NAME                       ; LPM_MUX                         ; --            ; --          ; --             ;
; IP_TOOL_NAME                       ; LPM_MUX                         ; --            ; --          ; --             ;
; IP_TOOL_NAME                       ; LPM_ROM                         ; --            ; --          ; --             ;
; IP_TOOL_NAME                       ; LPM_MUX                         ; --            ; --          ; --             ;
; IP_TOOL_NAME                       ; LPM_MUX                         ; --            ; --          ; --             ;
; IP_TOOL_NAME                       ; LPM_MUX                         ; --            ; --          ; --             ;
; IP_TOOL_NAME                       ; LPM_MUX                         ; --            ; --          ; --             ;
; IP_TOOL_NAME                       ; LPM_CONSTANT                    ; --            ; --          ; --             ;
; IP_TOOL_NAME                       ; LPM_CONSTANT                    ; --            ; --          ; --             ;
; IP_TOOL_NAME                       ; LPM_CONSTANT                    ; --            ; --          ; --             ;
; IP_TOOL_NAME                       ; LPM_CONSTANT                    ; --            ; --          ; --             ;
; IP_TOOL_NAME                       ; LPM_CONSTANT                    ; --            ; --          ; --             ;
; IP_TOOL_NAME                       ; LPM_CONSTANT                    ; --            ; --          ; --             ;
; IP_TOOL_NAME                       ; LPM_CONSTANT                    ; --            ; --          ; --             ;
; IP_TOOL_NAME                       ; LPM_CONSTANT                    ; --            ; --          ; --             ;
; IP_TOOL_NAME                       ; LPM_CONSTANT                    ; --            ; --          ; --             ;
; IP_TOOL_NAME                       ; LPM_DECODE                      ; --            ; --          ; --             ;
; IP_TOOL_VERSION                    ; 9.1                             ; --            ; --          ; --             ;
; IP_TOOL_VERSION                    ; 9.1                             ; --            ; --          ; --             ;
; IP_TOOL_VERSION                    ; 9.1                             ; --            ; --          ; --             ;
; IP_TOOL_VERSION                    ; 9.1                             ; --            ; --          ; --             ;
; IP_TOOL_VERSION                    ; 9.1                             ; --            ; --          ; --             ;
; IP_TOOL_VERSION                    ; 9.1                             ; --            ; --          ; --             ;
; IP_TOOL_VERSION                    ; 9.1                             ; --            ; --          ; --             ;
; IP_TOOL_VERSION                    ; 9.1                             ; --            ; --          ; --             ;
; IP_TOOL_VERSION                    ; 9.1                             ; --            ; --          ; --             ;
; IP_TOOL_VERSION                    ; 9.1                             ; --            ; --          ; --             ;
; IP_TOOL_VERSION                    ; 9.1                             ; --            ; --          ; --             ;
; IP_TOOL_VERSION                    ; 9.1                             ; --            ; --          ; --             ;
; IP_TOOL_VERSION                    ; 9.1                             ; --            ; --          ; --             ;
; IP_TOOL_VERSION                    ; 9.1                             ; --            ; --          ; --             ;
; IP_TOOL_VERSION                    ; 9.1                             ; --            ; --          ; --             ;
; IP_TOOL_VERSION                    ; 9.1                             ; --            ; --          ; --             ;
; IP_TOOL_VERSION                    ; 9.1                             ; --            ; --          ; --             ;
; IP_TOOL_VERSION                    ; 9.1                             ; --            ; --          ; --             ;
; IP_TOOL_VERSION                    ; 9.1                             ; --            ; --          ; --             ;
; IP_TOOL_VERSION                    ; 9.1                             ; --            ; --          ; --             ;
; IP_TOOL_VERSION                    ; 9.1                             ; --            ; --          ; --             ;
; IP_TOOL_VERSION                    ; 9.1                             ; --            ; --          ; --             ;
; IP_TOOL_VERSION                    ; 9.1                             ; --            ; --          ; --             ;
; IP_TOOL_VERSION                    ; 9.1                             ; --            ; --          ; --             ;
; IP_TOOL_VERSION                    ; 9.1                             ; --            ; --          ; --             ;
; IP_TOOL_VERSION                    ; 9.1                             ; --            ; --          ; --             ;
; IP_TOOL_VERSION                    ; 9.1                             ; --            ; --          ; --             ;
; IP_TOOL_VERSION                    ; 9.1                             ; --            ; --          ; --             ;
; IP_TOOL_VERSION                    ; 9.1                             ; --            ; --          ; --             ;
; IP_TOOL_VERSION                    ; 9.1                             ; --            ; --          ; --             ;
; IP_TOOL_VERSION                    ; 9.1                             ; --            ; --          ; --             ;
; IP_TOOL_VERSION                    ; 9.1                             ; --            ; --          ; --             ;
; IP_TOOL_VERSION                    ; 9.1                             ; --            ; --          ; --             ;
; IP_TOOL_VERSION                    ; 9.1                             ; --            ; --          ; --             ;
; IP_TOOL_VERSION                    ; 9.1                             ; --            ; --          ; --             ;
; IP_TOOL_VERSION                    ; 9.1                             ; --            ; --          ; --             ;
; IP_TOOL_VERSION                    ; 9.1                             ; --            ; --          ; --             ;
; IP_TOOL_VERSION                    ; 9.1                             ; --            ; --          ; --             ;
; IP_TOOL_VERSION                    ; 9.1                             ; --            ; --          ; --             ;
; IP_TOOL_VERSION                    ; 9.1                             ; --            ; --          ; --             ;
; IP_TOOL_VERSION                    ; 9.1                             ; --            ; --          ; --             ;
; IP_TOOL_VERSION                    ; 9.1                             ; --            ; --          ; --             ;
; IP_TOOL_VERSION                    ; 9.1                             ; --            ; --          ; --             ;
; IP_TOOL_VERSION                    ; 9.1                             ; --            ; --          ; --             ;
; IP_TOOL_VERSION                    ; 9.1                             ; --            ; --          ; --             ;
; IP_TOOL_VERSION                    ; 9.1                             ; --            ; --          ; --             ;
; IP_TOOL_VERSION                    ; 9.1                             ; --            ; --          ; --             ;
; MISC_FILE                          ; lpm_counter0.tdf                ; --            ; --          ; --             ;
; MISC_FILE                          ; lpm_counter0.bsf                ; --            ; --          ; --             ;
; MISC_FILE                          ; lpm_counter0.inc                ; --            ; --          ; --             ;
; MISC_FILE                          ; lpm_counter0.cmp                ; --            ; --          ; --             ;
; MISC_FILE                          ; lpm_decode0.tdf                 ; --            ; --          ; --             ;
; MISC_FILE                          ; lpm_decode0.bsf                 ; --            ; --          ; --             ;
; MISC_FILE                          ; lpm_decode0.inc                 ; --            ; --          ; --             ;
; MISC_FILE                          ; lpm_decode0.cmp                 ; --            ; --          ; --             ;
; MISC_FILE                          ; lpm_ram_dq0.tdf                 ; --            ; --          ; --             ;
; MISC_FILE                          ; lpm_ram_dq0.bsf                 ; --            ; --          ; --             ;
; MISC_FILE                          ; lpm_ram_dq0.inc                 ; --            ; --          ; --             ;
; MISC_FILE                          ; lpm_ram_dq0.cmp                 ; --            ; --          ; --             ;
; MISC_FILE                          ; lpm_add_sub4.tdf                ; --            ; --          ; --             ;
; MISC_FILE                          ; lpm_add_sub4.bsf                ; --            ; --          ; --             ;
; MISC_FILE                          ; lpm_add_sub4.inc                ; --            ; --          ; --             ;
; MISC_FILE                          ; lpm_add_sub4.cmp                ; --            ; --          ; --             ;
; MISC_FILE                          ; lpm_mux6.tdf                    ; --            ; --          ; --             ;
; MISC_FILE                          ; lpm_mux6.bsf                    ; --            ; --          ; --             ;
; MISC_FILE                          ; lpm_mux6.inc                    ; --            ; --          ; --             ;
; MISC_FILE                          ; lpm_mux6.cmp                    ; --            ; --          ; --             ;
; MISC_FILE                          ; parallel_add0.tdf               ; --            ; --          ; --             ;
; MISC_FILE                          ; parallel_add0.bsf               ; --            ; --          ; --             ;
; MISC_FILE                          ; parallel_add0.inc               ; --            ; --          ; --             ;
; MISC_FILE                          ; parallel_add0.cmp               ; --            ; --          ; --             ;
; MISC_FILE                          ; lpm_and0.tdf                    ; --            ; --          ; --             ;
; MISC_FILE                          ; lpm_and0.bsf                    ; --            ; --          ; --             ;
; MISC_FILE                          ; lpm_and0.inc                    ; --            ; --          ; --             ;
; MISC_FILE                          ; lpm_and0.cmp                    ; --            ; --          ; --             ;
; MISC_FILE                          ; lpm_inv0.tdf                    ; --            ; --          ; --             ;
; MISC_FILE                          ; lpm_inv0.bsf                    ; --            ; --          ; --             ;
; MISC_FILE                          ; lpm_inv0.inc                    ; --            ; --          ; --             ;
; MISC_FILE                          ; lpm_inv0.cmp                    ; --            ; --          ; --             ;
; MISC_FILE                          ; lpm_or0.tdf                     ; --            ; --          ; --             ;
; MISC_FILE                          ; lpm_or0.bsf                     ; --            ; --          ; --             ;
; MISC_FILE                          ; lpm_or0.inc                     ; --            ; --          ; --             ;
; MISC_FILE                          ; lpm_or0.cmp                     ; --            ; --          ; --             ;
; MISC_FILE                          ; lpm_inv1.tdf                    ; --            ; --          ; --             ;
; MISC_FILE                          ; lpm_inv1.bsf                    ; --            ; --          ; --             ;
; MISC_FILE                          ; lpm_inv1.inc                    ; --            ; --          ; --             ;
; MISC_FILE                          ; lpm_inv1.cmp                    ; --            ; --          ; --             ;
; MISC_FILE                          ; lpm_mux0.tdf                    ; --            ; --          ; --             ;
; MISC_FILE                          ; lpm_mux0.bsf                    ; --            ; --          ; --             ;
; MISC_FILE                          ; lpm_mux0.inc                    ; --            ; --          ; --             ;
; MISC_FILE                          ; lpm_mux0.cmp                    ; --            ; --          ; --             ;
; MISC_FILE                          ; lpm_xor0.tdf                    ; --            ; --          ; --             ;
; MISC_FILE                          ; lpm_xor0.bsf                    ; --            ; --          ; --             ;
; MISC_FILE                          ; lpm_xor0.inc                    ; --            ; --          ; --             ;
; MISC_FILE                          ; lpm_xor0.cmp                    ; --            ; --          ; --             ;
; MISC_FILE                          ; lpm_inv2.tdf                    ; --            ; --          ; --             ;
; MISC_FILE                          ; lpm_inv2.bsf                    ; --            ; --          ; --             ;
; MISC_FILE                          ; lpm_inv2.inc                    ; --            ; --          ; --             ;
; MISC_FILE                          ; lpm_inv2.cmp                    ; --            ; --          ; --             ;
; MISC_FILE                          ; lpm_compare0.tdf                ; --            ; --          ; --             ;
; MISC_FILE                          ; lpm_compare0.bsf                ; --            ; --          ; --             ;
; MISC_FILE                          ; lpm_compare0.inc                ; --            ; --          ; --             ;
; MISC_FILE                          ; lpm_compare0.cmp                ; --            ; --          ; --             ;
; MISC_FILE                          ; lpm_decode1.tdf                 ; --            ; --          ; --             ;
; MISC_FILE                          ; lpm_decode1.bsf                 ; --            ; --          ; --             ;
; MISC_FILE                          ; lpm_decode1.inc                 ; --            ; --          ; --             ;
; MISC_FILE                          ; lpm_decode1.cmp                 ; --            ; --          ; --             ;
; MISC_FILE                          ; lpm_dff0.tdf                    ; --            ; --          ; --             ;
; MISC_FILE                          ; lpm_dff0.bsf                    ; --            ; --          ; --             ;
; MISC_FILE                          ; lpm_dff0.inc                    ; --            ; --          ; --             ;
; MISC_FILE                          ; lpm_dff0.cmp                    ; --            ; --          ; --             ;
; MISC_FILE                          ; lpm_dff1.tdf                    ; --            ; --          ; --             ;
; MISC_FILE                          ; lpm_dff1.bsf                    ; --            ; --          ; --             ;
; MISC_FILE                          ; lpm_dff1.inc                    ; --            ; --          ; --             ;
; MISC_FILE                          ; lpm_dff1.cmp                    ; --            ; --          ; --             ;
; MISC_FILE                          ; lpm_constant0.tdf               ; --            ; --          ; --             ;
; MISC_FILE                          ; lpm_constant0.bsf               ; --            ; --          ; --             ;
; MISC_FILE                          ; lpm_constant0.inc               ; --            ; --          ; --             ;
; MISC_FILE                          ; lpm_constant0.cmp               ; --            ; --          ; --             ;
; MISC_FILE                          ; lpm_constant1.tdf               ; --            ; --          ; --             ;
; MISC_FILE                          ; lpm_constant1.bsf               ; --            ; --          ; --             ;
; MISC_FILE                          ; lpm_constant1.inc               ; --            ; --          ; --             ;
; MISC_FILE                          ; lpm_constant1.cmp               ; --            ; --          ; --             ;
; MISC_FILE                          ; lpm_mux1.tdf                    ; --            ; --          ; --             ;
; MISC_FILE                          ; lpm_mux1.bsf                    ; --            ; --          ; --             ;
; MISC_FILE                          ; lpm_mux1.inc                    ; --            ; --          ; --             ;
; MISC_FILE                          ; lpm_mux1.cmp                    ; --            ; --          ; --             ;
; MISC_FILE                          ; lpm_mux2.tdf                    ; --            ; --          ; --             ;
; MISC_FILE                          ; lpm_mux2.bsf                    ; --            ; --          ; --             ;
; MISC_FILE                          ; lpm_mux2.inc                    ; --            ; --          ; --             ;
; MISC_FILE                          ; lpm_mux2.cmp                    ; --            ; --          ; --             ;
; MISC_FILE                          ; lpm_decode2.tdf                 ; --            ; --          ; --             ;
; MISC_FILE                          ; lpm_decode2.bsf                 ; --            ; --          ; --             ;
; MISC_FILE                          ; lpm_decode2.inc                 ; --            ; --          ; --             ;
; MISC_FILE                          ; lpm_decode2.cmp                 ; --            ; --          ; --             ;
; MISC_FILE                          ; lpm_add_sub0.tdf                ; --            ; --          ; --             ;
; MISC_FILE                          ; lpm_add_sub0.bsf                ; --            ; --          ; --             ;
; MISC_FILE                          ; lpm_add_sub0.inc                ; --            ; --          ; --             ;
; MISC_FILE                          ; lpm_add_sub0.cmp                ; --            ; --          ; --             ;
; MISC_FILE                          ; lpm_mux3.tdf                    ; --            ; --          ; --             ;
; MISC_FILE                          ; lpm_mux3.bsf                    ; --            ; --          ; --             ;
; MISC_FILE                          ; lpm_mux3.inc                    ; --            ; --          ; --             ;
; MISC_FILE                          ; lpm_mux3.cmp                    ; --            ; --          ; --             ;
; MISC_FILE                          ; lpm_mux26.tdf                   ; --            ; --          ; --             ;
; MISC_FILE                          ; lpm_mux26.bsf                   ; --            ; --          ; --             ;
; MISC_FILE                          ; lpm_mux26.inc                   ; --            ; --          ; --             ;
; MISC_FILE                          ; lpm_mux26.cmp                   ; --            ; --          ; --             ;
; MISC_FILE                          ; lpm_mux4.tdf                    ; --            ; --          ; --             ;
; MISC_FILE                          ; lpm_mux4.bsf                    ; --            ; --          ; --             ;
; MISC_FILE                          ; lpm_mux4.inc                    ; --            ; --          ; --             ;
; MISC_FILE                          ; lpm_mux4.cmp                    ; --            ; --          ; --             ;
; MISC_FILE                          ; lpm_dff5.tdf                    ; --            ; --          ; --             ;
; MISC_FILE                          ; lpm_dff5.bsf                    ; --            ; --          ; --             ;
; MISC_FILE                          ; lpm_dff5.inc                    ; --            ; --          ; --             ;
; MISC_FILE                          ; lpm_dff5.cmp                    ; --            ; --          ; --             ;
; MISC_FILE                          ; lpm_add_sub1.tdf                ; --            ; --          ; --             ;
; MISC_FILE                          ; lpm_add_sub1.bsf                ; --            ; --          ; --             ;
; MISC_FILE                          ; lpm_add_sub1.inc                ; --            ; --          ; --             ;
; MISC_FILE                          ; lpm_add_sub1.cmp                ; --            ; --          ; --             ;
; MISC_FILE                          ; lpm_mux27.tdf                   ; --            ; --          ; --             ;
; MISC_FILE                          ; lpm_mux27.bsf                   ; --            ; --          ; --             ;
; MISC_FILE                          ; lpm_mux27.inc                   ; --            ; --          ; --             ;
; MISC_FILE                          ; lpm_mux27.cmp                   ; --            ; --          ; --             ;
; MISC_FILE                          ; lpm_mux5.tdf                    ; --            ; --          ; --             ;
; MISC_FILE                          ; lpm_mux5.bsf                    ; --            ; --          ; --             ;
; MISC_FILE                          ; lpm_mux5.inc                    ; --            ; --          ; --             ;
; MISC_FILE                          ; lpm_mux5.cmp                    ; --            ; --          ; --             ;
; MISC_FILE                          ; lpm_mux7.tdf                    ; --            ; --          ; --             ;
; MISC_FILE                          ; lpm_mux7.bsf                    ; --            ; --          ; --             ;
; MISC_FILE                          ; lpm_mux7.inc                    ; --            ; --          ; --             ;
; MISC_FILE                          ; lpm_mux7.cmp                    ; --            ; --          ; --             ;
; MISC_FILE                          ; lpm_mux8.tdf                    ; --            ; --          ; --             ;
; MISC_FILE                          ; lpm_mux8.bsf                    ; --            ; --          ; --             ;
; MISC_FILE                          ; lpm_mux8.inc                    ; --            ; --          ; --             ;
; MISC_FILE                          ; lpm_mux8.cmp                    ; --            ; --          ; --             ;
; MISC_FILE                          ; lpm_rom0.tdf                    ; --            ; --          ; --             ;
; MISC_FILE                          ; lpm_rom0.bsf                    ; --            ; --          ; --             ;
; MISC_FILE                          ; lpm_rom0.inc                    ; --            ; --          ; --             ;
; MISC_FILE                          ; lpm_rom0.cmp                    ; --            ; --          ; --             ;
; MISC_FILE                          ; lpm_mux9.tdf                    ; --            ; --          ; --             ;
; MISC_FILE                          ; lpm_mux9.bsf                    ; --            ; --          ; --             ;
; MISC_FILE                          ; lpm_mux9.inc                    ; --            ; --          ; --             ;
; MISC_FILE                          ; lpm_mux9.cmp                    ; --            ; --          ; --             ;
; MISC_FILE                          ; lpm_mux10.tdf                   ; --            ; --          ; --             ;
; MISC_FILE                          ; lpm_mux10.bsf                   ; --            ; --          ; --             ;
; MISC_FILE                          ; lpm_mux10.inc                   ; --            ; --          ; --             ;
; MISC_FILE                          ; lpm_mux10.cmp                   ; --            ; --          ; --             ;
; MISC_FILE                          ; lpm_mux11.tdf                   ; --            ; --          ; --             ;
; MISC_FILE                          ; lpm_mux11.bsf                   ; --            ; --          ; --             ;
; MISC_FILE                          ; lpm_mux11.inc                   ; --            ; --          ; --             ;
; MISC_FILE                          ; lpm_mux11.cmp                   ; --            ; --          ; --             ;
; MISC_FILE                          ; lpm_mux12.tdf                   ; --            ; --          ; --             ;
; MISC_FILE                          ; lpm_mux12.bsf                   ; --            ; --          ; --             ;
; MISC_FILE                          ; lpm_mux12.inc                   ; --            ; --          ; --             ;
; MISC_FILE                          ; lpm_mux12.cmp                   ; --            ; --          ; --             ;
; MISC_FILE                          ; lpm_constant24.tdf              ; --            ; --          ; --             ;
; MISC_FILE                          ; lpm_constant24.bsf              ; --            ; --          ; --             ;
; MISC_FILE                          ; lpm_constant24.inc              ; --            ; --          ; --             ;
; MISC_FILE                          ; lpm_constant24.cmp              ; --            ; --          ; --             ;
; MISC_FILE                          ; lpm_constant25.tdf              ; --            ; --          ; --             ;
; MISC_FILE                          ; lpm_constant25.bsf              ; --            ; --          ; --             ;
; MISC_FILE                          ; lpm_constant25.inc              ; --            ; --          ; --             ;
; MISC_FILE                          ; lpm_constant25.cmp              ; --            ; --          ; --             ;
; MISC_FILE                          ; lpm_constant2.tdf               ; --            ; --          ; --             ;
; MISC_FILE                          ; lpm_constant2.bsf               ; --            ; --          ; --             ;
; MISC_FILE                          ; lpm_constant2.inc               ; --            ; --          ; --             ;
; MISC_FILE                          ; lpm_constant2.cmp               ; --            ; --          ; --             ;
; MISC_FILE                          ; lpm_constant26.tdf              ; --            ; --          ; --             ;
; MISC_FILE                          ; lpm_constant26.bsf              ; --            ; --          ; --             ;
; MISC_FILE                          ; lpm_constant26.inc              ; --            ; --          ; --             ;
; MISC_FILE                          ; lpm_constant26.cmp              ; --            ; --          ; --             ;
; MISC_FILE                          ; lpm_constant27.tdf              ; --            ; --          ; --             ;
; MISC_FILE                          ; lpm_constant27.bsf              ; --            ; --          ; --             ;
; MISC_FILE                          ; lpm_constant27.inc              ; --            ; --          ; --             ;
; MISC_FILE                          ; lpm_constant27.cmp              ; --            ; --          ; --             ;
; MISC_FILE                          ; lpm_constant3.tdf               ; --            ; --          ; --             ;
; MISC_FILE                          ; lpm_constant3.bsf               ; --            ; --          ; --             ;
; MISC_FILE                          ; lpm_constant3.inc               ; --            ; --          ; --             ;
; MISC_FILE                          ; lpm_constant3.cmp               ; --            ; --          ; --             ;
; MISC_FILE                          ; lpm_constant7.tdf               ; --            ; --          ; --             ;
; MISC_FILE                          ; lpm_constant7.bsf               ; --            ; --          ; --             ;
; MISC_FILE                          ; lpm_constant7.inc               ; --            ; --          ; --             ;
; MISC_FILE                          ; lpm_constant7.cmp               ; --            ; --          ; --             ;
; MISC_FILE                          ; lpm_constant8.tdf               ; --            ; --          ; --             ;
; MISC_FILE                          ; lpm_constant8.bsf               ; --            ; --          ; --             ;
; MISC_FILE                          ; lpm_constant8.inc               ; --            ; --          ; --             ;
; MISC_FILE                          ; lpm_constant8.cmp               ; --            ; --          ; --             ;
; MISC_FILE                          ; lpm_constant4.tdf               ; --            ; --          ; --             ;
; MISC_FILE                          ; lpm_constant4.bsf               ; --            ; --          ; --             ;
; MISC_FILE                          ; lpm_constant4.inc               ; --            ; --          ; --             ;
; MISC_FILE                          ; lpm_constant4.cmp               ; --            ; --          ; --             ;
; MISC_FILE                          ; lpm_decode3.tdf                 ; --            ; --          ; --             ;
; MISC_FILE                          ; lpm_decode3.bsf                 ; --            ; --          ; --             ;
; MISC_FILE                          ; lpm_decode3.inc                 ; --            ; --          ; --             ;
; MISC_FILE                          ; lpm_decode3.cmp                 ; --            ; --          ; --             ;
; PARTITION_COLOR                    ; 16764057                        ; --            ; --          ; Top            ;
; PARTITION_NETLIST_TYPE             ; SOURCE                          ; --            ; --          ; Top            ;
; USE_GENERATED_PHYSICAL_CONSTRAINTS ; Off                             ; --            ; --          ; eda_blast_fpga ;
+------------------------------------+---------------------------------+---------------+-------------+----------------+


+-----------------------------------------------------------------------------------------------------------------------------+
; Flow Elapsed Time                                                                                                           ;
+-------------------------+--------------+-------------------------+---------------------+------------------------------------+
; Module Name             ; Elapsed Time ; Average Processors Used ; Peak Virtual Memory ; Total CPU Time (on all processors) ;
+-------------------------+--------------+-------------------------+---------------------+------------------------------------+
; Analysis & Synthesis    ; 00:00:02     ; 1.0                     ; 239 MB              ; 00:00:03                           ;
; Fitter                  ; 00:00:03     ; 1.0                     ; 266 MB              ; 00:00:03                           ;
; Assembler               ; 00:00:01     ; 1.0                     ; 233 MB              ; 00:00:01                           ;
; Classic Timing Analyzer ; 00:00:00     ; 1.0                     ; 164 MB              ; 00:00:00                           ;
; Total                   ; 00:00:06     ; --                      ; --                  ; 00:00:07                           ;
+-------------------------+--------------+-------------------------+---------------------+------------------------------------+


+------------------------------------------------------------------------------------------+
; Flow OS Summary                                                                          ;
+-------------------------+------------------+---------------+------------+----------------+
; Module Name             ; Machine Hostname ; OS Name       ; OS Version ; Processor type ;
+-------------------------+------------------+---------------+------------+----------------+
; Analysis & Synthesis    ; sauce-chili      ; Windows Vista ; 6.2        ; x86_64         ;
; Fitter                  ; sauce-chili      ; Windows Vista ; 6.2        ; x86_64         ;
; Assembler               ; sauce-chili      ; Windows Vista ; 6.2        ; x86_64         ;
; Classic Timing Analyzer ; sauce-chili      ; Windows Vista ; 6.2        ; x86_64         ;
+-------------------------+------------------+---------------+------------+----------------+


------------
; Flow Log ;
------------
quartus_map --read_settings_files=on --write_settings_files=off CPU -c CPU
quartus_fit --read_settings_files=off --write_settings_files=off CPU -c CPU
quartus_asm --read_settings_files=off --write_settings_files=off CPU -c CPU
quartus_tan --read_settings_files=off --write_settings_files=off CPU -c CPU --timing_analysis_only



